<?xml version="1.0" encoding="utf-8"?><testsuites name="pytest tests"><testsuite name="pytest" errors="0" failures="0" skipped="0" tests="0" time="0.153" timestamp="2025-08-01T13:17:43.370212+00:00" hostname="codespaces-0d737f" /></testsuites>